app/build/intermediates/manifest_merge_blame_file/debug/manifest-merger-blame-debug-report.txt
1<?xml version="1.0" encoding="utf-8"?>
2<manifest xmlns:android="http://schemas.android.com/apk/res/android"
3    package="com.nadxlib.dort"
4    android:versionCode="1"
5    android:versionName="1.0" >
6
7    <uses-sdk
8        android:minSdkVersion="19"
8-->src/main/AndroidManifest.xml
9        android:targetSdkVersion="29" />
9-->src/main/AndroidManifest.xml
10
11    <uses-permission android:name="android.permission.INTERNET" />
11-->src/main/AndroidManifest.xml:5:5-67
11-->src/main/AndroidManifest.xml:5:22-64
12    <uses-permission android:name="android.permission.ACCESS_FINE_LOCATION" />
12-->src/main/AndroidManifest.xml:6:5-79
12-->src/main/AndroidManifest.xml:6:22-76
13    <uses-permission android:name="android.permission. ACCESS_COARSE_LOCATION" />
13-->src/main/AndroidManifest.xml:7:5-82
13-->src/main/AndroidManifest.xml:7:22-79
14    <uses-permission android:name="android.permission.ACCESS_WIFI_STATE" /> <!-- Include required permissions for Google Maps API to run. -->
14-->[com.google.android.libraries.places:places:2.4.0] AndroidManifest.xml:10:5-76
14-->[com.google.android.libraries.places:places:2.4.0] AndroidManifest.xml:10:22-73
15    <uses-permission android:name="android.permission.ACCESS_NETWORK_STATE" />
15-->[com.google.android.gms:play-services-maps:17.0.0] AndroidManifest.xml:23:5-79
15-->[com.google.android.gms:play-services-maps:17.0.0] AndroidManifest.xml:23:22-76
16
17    <uses-feature
17-->[com.google.android.gms:play-services-maps:17.0.0] AndroidManifest.xml:26:5-28:35
18        android:glEsVersion="0x00020000"
18-->[com.google.android.gms:play-services-maps:17.0.0] AndroidManifest.xml:27:9-41
19        android:required="true" />
19-->[com.google.android.gms:play-services-maps:17.0.0] AndroidManifest.xml:28:9-32
20
21    <application
21-->src/main/AndroidManifest.xml:9:5-32:19
22        android:name="androidx.multidex.MultiDexApplication"
23        android:allowBackup="true"
23-->src/main/AndroidManifest.xml:10:9-35
24        android:appComponentFactory="androidx.core.app.CoreComponentFactory"
24-->[androidx.core:core:1.3.1] AndroidManifest.xml:24:18-86
25        android:debuggable="true"
26        android:icon="@drawable/jnu"
26-->src/main/AndroidManifest.xml:11:9-37
27        android:label="Let&apos;s Go"
27-->src/main/AndroidManifest.xml:12:9-28
28        android:roundIcon="@mipmap/ic_launcher_round"
28-->src/main/AndroidManifest.xml:13:9-54
29        android:supportsRtl="true"
29-->src/main/AndroidManifest.xml:14:9-35
30        android:testOnly="true"
31        android:theme="@style/AppTheme"
31-->src/main/AndroidManifest.xml:15:9-40
32        android:usesCleartextTraffic="true" >
32-->src/main/AndroidManifest.xml:16:9-44
33        <activity android:name="com.nadxlib.dort.View.HotelDetails" />
33-->src/main/AndroidManifest.xml:17:9-64
33-->src/main/AndroidManifest.xml:17:19-52
34        <activity android:name="com.nadxlib.dort.View.HotelDistrictPicker" />
34-->src/main/AndroidManifest.xml:18:9-62
34-->src/main/AndroidManifest.xml:18:19-59
35        <activity android:name="com.nadxlib.dort.View.TicketBookActivity" />
35-->src/main/AndroidManifest.xml:19:9-61
35-->src/main/AndroidManifest.xml:19:19-58
36        <activity android:name="com.nadxlib.dort.View.PlaceDetails" />
36-->src/main/AndroidManifest.xml:20:9-55
36-->src/main/AndroidManifest.xml:20:19-52
37        <activity android:name="com.nadxlib.dort.View.DistrictPicker" />
37-->src/main/AndroidManifest.xml:21:9-57
37-->src/main/AndroidManifest.xml:21:19-54
38        <activity android:name="com.nadxlib.dort.Controller.WV" />
38-->src/main/AndroidManifest.xml:22:9-51
38-->src/main/AndroidManifest.xml:22:19-48
39        <activity android:name="com.nadxlib.dort.View.DetailActivity" />
39-->src/main/AndroidManifest.xml:23:9-57
39-->src/main/AndroidManifest.xml:23:19-54
40        <activity android:name="com.nadxlib.dort.View.MainActivity" >
40-->src/main/AndroidManifest.xml:24:9-30:20
40-->src/main/AndroidManifest.xml:24:19-52
41            <intent-filter>
41-->src/main/AndroidManifest.xml:25:13-29:29
42                <action android:name="android.intent.action.MAIN" />
42-->src/main/AndroidManifest.xml:26:17-69
42-->src/main/AndroidManifest.xml:26:25-66
43
44                <category android:name="android.intent.category.LAUNCHER" />
44-->src/main/AndroidManifest.xml:28:17-77
44-->src/main/AndroidManifest.xml:28:27-74
45            </intent-filter>
46        </activity>
47        <activity
47-->[com.google.android.libraries.places:places:2.4.0] AndroidManifest.xml:14:9-20:20
48            android:name="com.google.android.libraries.places.widget.AutocompleteActivity"
48-->[com.google.android.libraries.places:places:2.4.0] AndroidManifest.xml:15:13-91
49            android:exported="false"
49-->[com.google.android.libraries.places:places:2.4.0] AndroidManifest.xml:16:13-37
50            android:label="@string/places_autocomplete_label"
50-->[com.google.android.libraries.places:places:2.4.0] AndroidManifest.xml:17:13-62
51            android:theme="@style/PlacesAutocompleteOverlay"
51-->[com.google.android.libraries.places:places:2.4.0] AndroidManifest.xml:18:13-61
52            android:windowSoftInputMode="adjustResize" >
52-->[com.google.android.libraries.places:places:2.4.0] AndroidManifest.xml:19:13-55
53        </activity> <!-- Needs to be explicitly declared on P+ -->
54        <uses-library
54-->[com.google.android.gms:play-services-maps:17.0.0] AndroidManifest.xml:33:9-35:40
55            android:name="org.apache.http.legacy"
55-->[com.google.android.gms:play-services-maps:17.0.0] AndroidManifest.xml:34:13-50
56            android:required="false" />
56-->[com.google.android.gms:play-services-maps:17.0.0] AndroidManifest.xml:35:13-37
57
58        <activity
58-->[com.google.android.gms:play-services-base:17.2.1] AndroidManifest.xml:23:9-26:75
59            android:name="com.google.android.gms.common.api.GoogleApiActivity"
59-->[com.google.android.gms:play-services-base:17.2.1] AndroidManifest.xml:24:13-79
60            android:exported="false"
60-->[com.google.android.gms:play-services-base:17.2.1] AndroidManifest.xml:25:13-37
61            android:theme="@android:style/Theme.Translucent.NoTitleBar" />
61-->[com.google.android.gms:play-services-base:17.2.1] AndroidManifest.xml:26:13-72
62
63        <meta-data
63-->[com.google.android.gms:play-services-basement:17.2.1] AndroidManifest.xml:23:9-25:69
64            android:name="com.google.android.gms.version"
64-->[com.google.android.gms:play-services-basement:17.2.1] AndroidManifest.xml:24:13-58
65            android:value="@integer/google_play_services_version" />
65-->[com.google.android.gms:play-services-basement:17.2.1] AndroidManifest.xml:25:13-66
66
67        <service
67-->[com.google.android.datatransport:transport-backend-cct:2.3.0] AndroidManifest.xml:29:9-35:19
68            android:name="com.google.android.datatransport.runtime.backends.TransportBackendDiscovery"
68-->[com.google.android.datatransport:transport-backend-cct:2.3.0] AndroidManifest.xml:30:13-103
69            android:exported="false" >
69-->[com.google.android.datatransport:transport-backend-cct:2.3.0] AndroidManifest.xml:31:13-37
70            <meta-data
70-->[com.google.android.datatransport:transport-backend-cct:2.3.0] AndroidManifest.xml:32:13-34:39
71                android:name="backend:com.google.android.datatransport.cct.CctBackendFactory"
71-->[com.google.android.datatransport:transport-backend-cct:2.3.0] AndroidManifest.xml:33:17-94
72                android:value="cct" />
72-->[com.google.android.datatransport:transport-backend-cct:2.3.0] AndroidManifest.xml:34:17-36
73        </service>
74        <service
74-->[com.google.android.datatransport:transport-runtime:2.2.3] AndroidManifest.xml:26:9-30:19
75            android:name="com.google.android.datatransport.runtime.scheduling.jobscheduling.JobInfoSchedulerService"
75-->[com.google.android.datatransport:transport-runtime:2.2.3] AndroidManifest.xml:27:13-117
76            android:exported="false"
76-->[com.google.android.datatransport:transport-runtime:2.2.3] AndroidManifest.xml:28:13-37
77            android:permission="android.permission.BIND_JOB_SERVICE" >
77-->[com.google.android.datatransport:transport-runtime:2.2.3] AndroidManifest.xml:29:13-69
78        </service>
79
80        <receiver
80-->[com.google.android.datatransport:transport-runtime:2.2.3] AndroidManifest.xml:32:9-34:40
81            android:name="com.google.android.datatransport.runtime.scheduling.jobscheduling.AlarmManagerSchedulerBroadcastReceiver"
81-->[com.google.android.datatransport:transport-runtime:2.2.3] AndroidManifest.xml:33:13-132
82            android:exported="false" />
82-->[com.google.android.datatransport:transport-runtime:2.2.3] AndroidManifest.xml:34:13-37
83
84        <provider
84-->[androidx.lifecycle:lifecycle-process:2.1.0] AndroidManifest.xml:23:9-27:43
85            android:name="androidx.lifecycle.ProcessLifecycleOwnerInitializer"
85-->[androidx.lifecycle:lifecycle-process:2.1.0] AndroidManifest.xml:24:13-79
86            android:authorities="com.nadxlib.dort.lifecycle-process"
86-->[androidx.lifecycle:lifecycle-process:2.1.0] AndroidManifest.xml:25:13-69
87            android:exported="false"
87-->[androidx.lifecycle:lifecycle-process:2.1.0] AndroidManifest.xml:26:13-37
88            android:multiprocess="true" />
88-->[androidx.lifecycle:lifecycle-process:2.1.0] AndroidManifest.xml:27:13-40
89    </application>
90
91</manifest>